Build started 6/23/2013 12:28:38 PM.
     1>Project "E:\work\cocos2d-x-2.1.4\cocos2d-x-2.1.4\projects\Clams\proj.win32\Clams.vcxproj" on node 3 (Build target(s)).
     1>ClCompile:
         C:\Program Files\Microsoft Visual Studio 11.0\VC\bin\CL.exe /c /I"E:\work\cocos2d-x-2.1.4\cocos2d-x-2.1.4\projects\Clams\proj.win32\..\..\..\cocos2dx" /I"E:\work\cocos2d-x-2.1.4\cocos2d-x-2.1.4\projects\Clams\proj.win32\..\..\..\cocos2dx\include" /I"E:\work\cocos2d-x-2.1.4\cocos2d-x-2.1.4\projects\Clams\proj.win32\..\..\..\cocos2dx\kazmath\include" /I"E:\work\cocos2d-x-2.1.4\cocos2d-x-2.1.4\projects\Clams\proj.win32\..\..\..\cocos2dx\platform\win32" /I"E:\work\cocos2d-x-2.1.4\cocos2d-x-2.1.4\projects\Clams\proj.win32\..\..\..\cocos2dx\platform\third_party\win32" /I"E:\work\cocos2d-x-2.1.4\cocos2d-x-2.1.4\projects\Clams\proj.win32\..\..\..\cocos2dx\platform\third_party\win32\OGLES" /I"E:\work\cocos2d-x-2.1.4\cocos2d-x-2.1.4\projects\Clams\proj.win32\..\..\..\external" /I"E:\work\cocos2d-x-2.1.4\cocos2d-x-2.1.4\projects\Clams\proj.win32\..\..\..\external\chipmunk\include\chipmunk" /I"E:\work\cocos2d-x-2.1.4\cocos2d-x-2.1.4\projects\Clams\proj.win32\..\..\..\CocosDenshion\include" /I"E:\work\cocos2d-x-2.1.4\cocos2d-x-2.1.4\projects\Clams\proj.win32\..\..\..\extensions" /I..\Classes /I.. /ZI /nologo /W3 /WX- /Od /Oy- /D WIN32 /D _DEBUG /D _WINDOWS /D _USE_MATH_DEFINES /D GL_GLEXT_PROTOTYPES /D CC_ENABLE_CHIPMUNK_INTEGRATION=1 /D COCOS2D_DEBUG=1 /D _CRT_SECURE_NO_WARNINGS /D _SCL_SECURE_NO_WARNINGS /D _UNICODE /D UNICODE /Gm /EHsc /RTC1 /MDd /GS /fp:precise /Zc:wchar_t /Zc:forScope /Fo"Debug.win32\\" /Fd"Debug.win32\vc110.pdb" /Gd /TP /wd4267 /wd4251 /wd4244 /analyze- /errorReport:prompt ..\Classes\AppDelegate.cpp ..\Classes\HelloWorldScene.cpp main.cpp
         main.cpp
         HelloWorldScene.cpp
         AppDelegate.cpp
         Generating Code...
       PreLinkEvent:
         if not exist "E:\work\cocos2d-x-2.1.4\cocos2d-x-2.1.4\projects\Clams\proj.win32\Debug.win32\" mkdir "E:\work\cocos2d-x-2.1.4\cocos2d-x-2.1.4\projects\Clams\proj.win32\Debug.win32\"
         xcopy /Y /Q "E:\work\cocos2d-x-2.1.4\cocos2d-x-2.1.4\projects\Clams\proj.win32\..\..\..\external\libwebsockets\win32\lib\*.*" "E:\work\cocos2d-x-2.1.4\cocos2d-x-2.1.4\projects\Clams\proj.win32\Debug.win32\"
         :VCEnd
         2 File(s) copied
       Link:
         C:\Program Files\Microsoft Visual Studio 11.0\VC\bin\link.exe /ERRORREPORT:PROMPT /OUT:"E:\work\cocos2d-x-2.1.4\cocos2d-x-2.1.4\projects\Clams\proj.win32\Debug.win32\Clams.exe" /INCREMENTAL /NOLOGO /LIBPATH:"E:\work\cocos2d-x-2.1.4\cocos2d-x-2.1.4\projects\Clams\proj.win32\Debug.win32\\" libExtensions.lib libcocos2d.lib libCocosDenshion.lib opengl32.lib glew32.lib libBox2d.lib libchipmunk.lib libcurl_imp.lib pthreadVCE2.lib websockets.lib kernel32.lib user32.lib gdi32.lib winspool.lib comdlg32.lib advapi32.lib shell32.lib ole32.lib oleaut32.lib uuid.lib odbc32.lib odbccp32.lib /MANIFEST /MANIFESTUAC:"level='asInvoker' uiAccess='false'" /manifest:embed /DEBUG /PDB:"E:\work\cocos2d-x-2.1.4\cocos2d-x-2.1.4\projects\Clams\proj.win32\Debug.win32\Clams.pdb" /SUBSYSTEM:WINDOWS /TLBID:1 /DYNAMICBASE /NXCOMPAT /IMPLIB:"E:\work\cocos2d-x-2.1.4\cocos2d-x-2.1.4\projects\Clams\proj.win32\Debug.win32\Clams.lib" /MACHINE:X86 /SAFESEH Debug.win32\AppDelegate.obj
         Debug.win32\HelloWorldScene.obj
         Debug.win32\main.obj
         "E:\work\cocos2d-x-2.1.4\cocos2d-x-2.1.4\projects\Clams\proj.win32\Debug.win32\libcocos2d.lib"
         "E:\work\cocos2d-x-2.1.4\cocos2d-x-2.1.4\projects\Clams\proj.win32\Debug.win32\libCocosDenshion.lib"
         "E:\work\cocos2d-x-2.1.4\cocos2d-x-2.1.4\projects\Clams\proj.win32\Debug.win32\libExtensions.lib"
         "E:\work\cocos2d-x-2.1.4\cocos2d-x-2.1.4\projects\Clams\proj.win32\Debug.win32\libBox2D.lib"
         "E:\work\cocos2d-x-2.1.4\cocos2d-x-2.1.4\projects\Clams\proj.win32\Debug.win32\libchipmunk.lib"
     1>AppDelegate.obj : warning LNK4075: ignoring '/EDITANDCONTINUE' due to '/SAFESEH' specification
         Clams.vcxproj -> E:\work\cocos2d-x-2.1.4\cocos2d-x-2.1.4\projects\Clams\proj.win32\Debug.win32\Clams.exe
     1>Done Building Project "E:\work\cocos2d-x-2.1.4\cocos2d-x-2.1.4\projects\Clams\proj.win32\Clams.vcxproj" (Build target(s)).

Build succeeded.

Time Elapsed 00:00:18.76
