Build started 6/23/2013 11:21:20 AM.
     1>Project "E:\work\cocos2d-x-2.1.4\cocos2d-x-2.1.4\scripting\lua\proj.win32\liblua.vcxproj" on node 2 (Build target(s)).
     1>PreBuildEvent:
         if not exist "E:\work\cocos2d-x-2.1.4\cocos2d-x-2.1.4\Debug.win32\" mkdir "E:\work\cocos2d-x-2.1.4\cocos2d-x-2.1.4\Debug.win32\"
         xcopy /Y /Q "E:\work\cocos2d-x-2.1.4\cocos2d-x-2.1.4\scripting\lua\proj.win32\..\luajit\win32\*.*" "E:\work\cocos2d-x-2.1.4\cocos2d-x-2.1.4\Debug.win32\"
         :VCEnd
         2 File(s) copied
       ClCompile:
         C:\Program Files\Microsoft Visual Studio 11.0\VC\bin\CL.exe /c /I"E:\work\cocos2d-x-2.1.4\cocos2d-x-2.1.4\scripting\lua\proj.win32\..\..\..\cocos2dx" /I"E:\work\cocos2d-x-2.1.4\cocos2d-x-2.1.4\scripting\lua\proj.win32\..\..\..\cocos2dx\include" /I"E:\work\cocos2d-x-2.1.4\cocos2d-x-2.1.4\scripting\lua\proj.win32\..\..\..\cocos2dx\kazmath\include" /I"E:\work\cocos2d-x-2.1.4\cocos2d-x-2.1.4\scripting\lua\proj.win32\..\..\..\cocos2dx\platform\win32" /I"E:\work\cocos2d-x-2.1.4\cocos2d-x-2.1.4\scripting\lua\proj.win32\..\..\..\cocos2dx\platform\third_party\win32\OGLES" /I"E:\work\cocos2d-x-2.1.4\cocos2d-x-2.1.4\scripting\lua\proj.win32\..\..\..\cocos2dx\platform\third_party\win32\pthread" /I"E:\work\cocos2d-x-2.1.4\cocos2d-x-2.1.4\scripting\lua\proj.win32\..\..\..\CocosDenshion\include" /I"E:\work\cocos2d-x-2.1.4\cocos2d-x-2.1.4\scripting\lua\proj.win32\..\..\..\extensions" /I"E:\work\cocos2d-x-2.1.4\cocos2d-x-2.1.4\scripting\lua\proj.win32\..\..\..\extensions\network" /I"E:\work\cocos2d-x-2.1.4\cocos2d-x-2.1.4\scripting\lua\proj.win32\..\..\..\external\libwebsockets\win32\include" /I"E:\work\cocos2d-x-2.1.4\cocos2d-x-2.1.4\scripting\lua\proj.win32\..\tolua" /I"E:\work\cocos2d-x-2.1.4\cocos2d-x-2.1.4\scripting\lua\proj.win32\..\luajit\include" /ZI /nologo /W3 /WX- /Od /Oy- /D WIN32 /D _WINDOWS /D _UNICODE /D UNICODE /Gm /EHsc /RTC1 /MDd /GS /fp:precise /Zc:wchar_t /Zc:forScope /Fo"Debug.win32\\" /Fd"Debug.win32\vc110.pdb" /Gd /TP /wd4996 /wd4800 /wd4267 /wd4251 /wd4244 /analyze- /errorReport:prompt ..\cocos2dx_support\CCBProxy.cpp ..\cocos2dx_support\CCLuaBridge.cpp ..\cocos2dx_support\CCLuaEngine.cpp ..\cocos2dx_support\CCLuaStack.cpp ..\cocos2dx_support\CCLuaValue.cpp ..\cocos2dx_support\Cocos2dxLuaLoader.cpp ..\cocos2dx_support\LuaCocos2d.cpp ..\cocos2dx_support\Lua_extensions_CCB.cpp ..\cocos2dx_support\Lua_web_socket.cpp
         Lua_web_socket.cpp
         Lua_extensions_CCB.cpp
         LuaCocos2d.cpp
         Cocos2dxLuaLoader.cpp
         CCLuaValue.cpp
         CCLuaStack.cpp
         CCLuaEngine.cpp
         CCLuaBridge.cpp
         CCBProxy.cpp
         Generating Code...
         C:\Program Files\Microsoft Visual Studio 11.0\VC\bin\CL.exe /c /I"E:\work\cocos2d-x-2.1.4\cocos2d-x-2.1.4\scripting\lua\proj.win32\..\..\..\cocos2dx" /I"E:\work\cocos2d-x-2.1.4\cocos2d-x-2.1.4\scripting\lua\proj.win32\..\..\..\cocos2dx\include" /I"E:\work\cocos2d-x-2.1.4\cocos2d-x-2.1.4\scripting\lua\proj.win32\..\..\..\cocos2dx\kazmath\include" /I"E:\work\cocos2d-x-2.1.4\cocos2d-x-2.1.4\scripting\lua\proj.win32\..\..\..\cocos2dx\platform\win32" /I"E:\work\cocos2d-x-2.1.4\cocos2d-x-2.1.4\scripting\lua\proj.win32\..\..\..\cocos2dx\platform\third_party\win32\OGLES" /I"E:\work\cocos2d-x-2.1.4\cocos2d-x-2.1.4\scripting\lua\proj.win32\..\..\..\cocos2dx\platform\third_party\win32\pthread" /I"E:\work\cocos2d-x-2.1.4\cocos2d-x-2.1.4\scripting\lua\proj.win32\..\..\..\CocosDenshion\include" /I"E:\work\cocos2d-x-2.1.4\cocos2d-x-2.1.4\scripting\lua\proj.win32\..\..\..\extensions" /I"E:\work\cocos2d-x-2.1.4\cocos2d-x-2.1.4\scripting\lua\proj.win32\..\..\..\extensions\network" /I"E:\work\cocos2d-x-2.1.4\cocos2d-x-2.1.4\scripting\lua\proj.win32\..\..\..\external\libwebsockets\win32\include" /I"E:\work\cocos2d-x-2.1.4\cocos2d-x-2.1.4\scripting\lua\proj.win32\..\tolua" /I"E:\work\cocos2d-x-2.1.4\cocos2d-x-2.1.4\scripting\lua\proj.win32\..\luajit\include" /ZI /nologo /W3 /WX- /Od /Oy- /D WIN32 /D _WINDOWS /D _UNICODE /D UNICODE /Gm /EHsc /RTC1 /MDd /GS /fp:precise /Zc:wchar_t /Zc:forScope /Fo"Debug.win32\\" /Fd"Debug.win32\vc110.pdb" /Gd /TC /wd4996 /wd4800 /wd4267 /wd4251 /wd4244 /analyze- /errorReport:prompt ..\cocos2dx_support\tolua_fix.c ..\tolua\tolua_event.c ..\tolua\tolua_is.c ..\tolua\tolua_map.c ..\tolua\tolua_push.c ..\tolua\tolua_to.c
         tolua_to.c
         tolua_push.c
         tolua_map.c
         tolua_is.c
         tolua_event.c
         tolua_fix.c
         Generating Code...
       Lib:
         C:\Program Files\Microsoft Visual Studio 11.0\VC\bin\Lib.exe /OUT:"E:\work\cocos2d-x-2.1.4\cocos2d-x-2.1.4\Debug.win32\liblua.lib" /NOLOGO Debug.win32\CCBProxy.obj
         Debug.win32\CCLuaBridge.obj
         Debug.win32\CCLuaEngine.obj
         Debug.win32\CCLuaStack.obj
         Debug.win32\CCLuaValue.obj
         Debug.win32\Cocos2dxLuaLoader.obj
         Debug.win32\LuaCocos2d.obj
         Debug.win32\Lua_extensions_CCB.obj
         Debug.win32\Lua_web_socket.obj
         Debug.win32\tolua_fix.obj
         Debug.win32\tolua_event.obj
         Debug.win32\tolua_is.obj
         Debug.win32\tolua_map.obj
         Debug.win32\tolua_push.obj
         Debug.win32\tolua_to.obj
         liblua.vcxproj -> E:\work\cocos2d-x-2.1.4\cocos2d-x-2.1.4\Debug.win32\liblua.lib
     1>Done Building Project "E:\work\cocos2d-x-2.1.4\cocos2d-x-2.1.4\scripting\lua\proj.win32\liblua.vcxproj" (Build target(s)).

Build succeeded.

Time Elapsed 00:00:34.00
